<?xml version="1.0" encoding="UTF-8"?>
<!-- Generated by org.testng.reporters.JUnitXMLReporter -->
<testsuite hostname="Manisha" ignored="0" name="Surefire test" tests="9" failures="1" timestamp="2020-03-25T14:14:41 GMT" time="121.867" errors="0">
  <testcase name="@AfterMethod CloseBrowser" time="0.012" classname="WebTest1.BaseTest">
    <failure type="org.openqa.selenium.NoSuchWindowException" message="no such window: target window already closed
from unknown error: web view not found
  (Session info: chrome=80.0.3987.149)
Build info: version: &amp;apos;3.141.59&amp;apos;, revision: &amp;apos;e82be7d358&amp;apos;, time: &amp;apos;2018-11-14T08:17:03&amp;apos;
System info: host: &amp;apos;MANISHA&amp;apos;, ip: &amp;apos;192.168.0.20&amp;apos;, os.name: &amp;apos;Windows 10&amp;apos;, os.arch: &amp;apos;amd64&amp;apos;, os.version: &amp;apos;10.0&amp;apos;, java.version: &amp;apos;1.8.0_221&amp;apos;
Driver info: org.openqa.selenium.chrome.ChromeDriver
Capabilities {acceptInsecureCerts: false, browserName: chrome, browserVersion: 80.0.3987.149, chrome: {chromedriverVersion: 80.0.3987.106 (f68069574609..., userDataDir: C:\Users\manis\AppData\Loca...}, goog:chromeOptions: {debuggerAddress: localhost:54757}, javascriptEnabled: true, networkConnectionEnabled: false, pageLoadStrategy: normal, platform: WINDOWS, platformName: WINDOWS, proxy: Proxy(), setWindowRect: true, strictFileInteractability: false, timeouts: {implicit: 0, pageLoad: 300000, script: 30000}, unhandledPromptBehavior: dismiss and notify}
Session ID: 4f0fae30ad9c73eb8c797de2571c5b2b">
      <![CDATA[org.openqa.selenium.NoSuchWindowException: no such window: target window already closed
from unknown error: web view not found
  (Session info: chrome=80.0.3987.149)
Build info: version: '3.141.59', revision: 'e82be7d358', time: '2018-11-14T08:17:03'
System info: host: 'MANISHA', ip: '192.168.0.20', os.name: 'Windows 10', os.arch: 'amd64', os.version: '10.0', java.version: '1.8.0_221'
Driver info: org.openqa.selenium.chrome.ChromeDriver
Capabilities {acceptInsecureCerts: false, browserName: chrome, browserVersion: 80.0.3987.149, chrome: {chromedriverVersion: 80.0.3987.106 (f68069574609..., userDataDir: C:\Users\manis\AppData\Loca...}, goog:chromeOptions: {debuggerAddress: localhost:54757}, javascriptEnabled: true, networkConnectionEnabled: false, pageLoadStrategy: normal, platform: WINDOWS, platformName: WINDOWS, proxy: Proxy(), setWindowRect: true, strictFileInteractability: false, timeouts: {implicit: 0, pageLoad: 300000, script: 30000}, unhandledPromptBehavior: dismiss and notify}
Session ID: 4f0fae30ad9c73eb8c797de2571c5b2b
at org.openqa.selenium.remote.http.W3CHttpResponseCodec.createException(W3CHttpResponseCodec.java:187)
at org.openqa.selenium.remote.http.W3CHttpResponseCodec.decode(W3CHttpResponseCodec.java:122)
at org.openqa.selenium.remote.http.W3CHttpResponseCodec.decode(W3CHttpResponseCodec.java:49)
at org.openqa.selenium.remote.HttpCommandExecutor.execute(HttpCommandExecutor.java:158)
at org.openqa.selenium.remote.service.DriverCommandExecutor.execute(DriverCommandExecutor.java:83)
at org.openqa.selenium.remote.RemoteWebDriver.execute(RemoteWebDriver.java:552)
at org.openqa.selenium.remote.RemoteWebDriver.execute(RemoteWebDriver.java:609)
at org.openqa.selenium.remote.RemoteWebDriver.getScreenshotAs(RemoteWebDriver.java:295)
at WebTest1.Utils.takeScreenShot(Utils.java:60)
at WebTest1.BaseTest.CloseBrowser(BaseTest.java:17)
at java.util.ArrayList.forEach(ArrayList.java:1257)
... Removed 41 stack frames]]>
    </failure>
  </testcase> <!-- @AfterMethod CloseBrowser -->
  <testcase name="@BeforeMethod OpenBrowser" time="-1.585145681776E9" classname="WebTest1.BaseTest">
    <skipped/>
  </testcase> <!-- @BeforeMethod OpenBrowser -->
  <testcase name="@AfterMethod CloseBrowser" time="-1.585145681777E9" classname="WebTest1.BaseTest">
    <skipped/>
  </testcase> <!-- @AfterMethod CloseBrowser -->
  <testcase name="@BeforeMethod OpenBrowser" time="-1.585145681778E9" classname="WebTest1.BaseTest">
    <skipped/>
  </testcase> <!-- @BeforeMethod OpenBrowser -->
  <testcase name="@AfterMethod CloseBrowser" time="-1.585145681778E9" classname="WebTest1.BaseTest">
    <skipped/>
  </testcase> <!-- @AfterMethod CloseBrowser -->
  <testcase name="@BeforeMethod OpenBrowser" time="-1.585145681779E9" classname="WebTest1.BaseTest">
    <skipped/>
  </testcase> <!-- @BeforeMethod OpenBrowser -->
  <testcase name="@AfterMethod CloseBrowser" time="-1.585145681779E9" classname="WebTest1.BaseTest">
    <skipped/>
  </testcase> <!-- @AfterMethod CloseBrowser -->
  <testcase name="@BeforeMethod OpenBrowser" time="-1.58514568178E9" classname="WebTest1.BaseTest">
    <skipped/>
  </testcase> <!-- @BeforeMethod OpenBrowser -->
  <testcase name="@AfterMethod CloseBrowser" time="-1.585145681781E9" classname="WebTest1.BaseTest">
    <skipped/>
  </testcase> <!-- @AfterMethod CloseBrowser -->
  <testcase name="@BeforeMethod OpenBrowser" time="-1.585145681781E9" classname="WebTest1.BaseTest">
    <skipped/>
  </testcase> <!-- @BeforeMethod OpenBrowser -->
  <testcase name="@AfterMethod CloseBrowser" time="-1.585145681782E9" classname="WebTest1.BaseTest">
    <skipped/>
  </testcase> <!-- @AfterMethod CloseBrowser -->
  <testcase name="RegisteredUserShouldBeAbleToReferAFriendSuccessfully" time="13.186" classname="WebTest1.TestSuite"/>
  <testcase name="UserShouldBeAbleToSortProductHighToLowByPrice" time="5.582" classname="WebTest1.TestSuite"/>
  <testcase name="guestUserShouldBeAbleToCheckoutSuccessfully" time="21.885" classname="WebTest1.TestSuite"/>
  <testcase name="unregisteredUserShouldNotBeAbleToReferAFriend" time="35.072" classname="WebTest1.TestSuite">
    <failure type="org.openqa.selenium.NoSuchElementException" message="Cannot locate an element using link text=Apple MacBook Pro 13-inch
For documentation on this error, please visit: https://www.seleniumhq.org/exceptions/no_such_element.html
Build info: version: &amp;apos;3.141.59&amp;apos;, revision: &amp;apos;e82be7d358&amp;apos;, time: &amp;apos;2018-11-14T08:17:03&amp;apos;
System info: host: &amp;apos;MANISHA&amp;apos;, ip: &amp;apos;192.168.0.20&amp;apos;, os.name: &amp;apos;Windows 10&amp;apos;, os.arch: &amp;apos;amd64&amp;apos;, os.version: &amp;apos;10.0&amp;apos;, java.version: &amp;apos;1.8.0_221&amp;apos;
Driver info: driver.version: RemoteWebDriver">
      <![CDATA[org.openqa.selenium.NoSuchElementException: Cannot locate an element using link text=Apple MacBook Pro 13-inch
For documentation on this error, please visit: https://www.seleniumhq.org/exceptions/no_such_element.html
Build info: version: '3.141.59', revision: 'e82be7d358', time: '2018-11-14T08:17:03'
System info: host: 'MANISHA', ip: '192.168.0.20', os.name: 'Windows 10', os.arch: 'amd64', os.version: '10.0', java.version: '1.8.0_221'
Driver info: driver.version: RemoteWebDriver
at org.openqa.selenium.remote.RemoteWebDriver.findElement(RemoteWebDriver.java:327)
at org.openqa.selenium.remote.RemoteWebDriver.findElementByLinkText(RemoteWebDriver.java:380)
at org.openqa.selenium.By$ByLinkText.findElement(By.java:220)
at org.openqa.selenium.remote.RemoteWebDriver.findElement(RemoteWebDriver.java:315)
at WebTest1.Utils.clickOnElement(Utils.java:21)
at WebTest1.ProductDetailsPage.userClickOnAppleMac(ProductDetailsPage.java:29)
at WebTest1.TestSuite.unregisteredUserShouldNotBeAbleToReferAFriend(TestSuite.java:43)
at java.util.ArrayList.forEach(ArrayList.java:1257)
... Removed 32 stack frames]]>
    </failure>
  </testcase> <!-- unregisteredUserShouldNotBeAbleToReferAFriend -->
  <testcase name="userShouldBeAbleToAddNewCommentOnNopCommerceWeb" time="0.0" classname="WebTest1.TestSuite">
    <skipped/>
  </testcase> <!-- userShouldBeAbleToAddNewCommentOnNopCommerceWeb -->
  <testcase name="userShouldBeAbleToCompareToProductsSuccessfully" time="0.0" classname="WebTest1.TestSuite">
    <skipped/>
  </testcase> <!-- userShouldBeAbleToCompareToProductsSuccessfully -->
  <testcase name="userShouldBeAbleToVerifyCurrencyChange" time="0.0" classname="WebTest1.TestSuite">
    <skipped/>
  </testcase> <!-- userShouldBeAbleToVerifyCurrencyChange -->
  <testcase name="usershouldBeAbleToRegisterSuccessfully" time="0.0" classname="WebTest1.TestSuite">
    <skipped/>
  </testcase> <!-- usershouldBeAbleToRegisterSuccessfully -->
  <testcase name="verifyAddToCartButtonIsPresentInProducts" time="0.0" classname="WebTest1.TestSuite">
    <skipped/>
  </testcase> <!-- verifyAddToCartButtonIsPresentInProducts -->
</testsuite> <!-- Surefire test -->
